<?xml version="1.0" encoding="UTF-8"?>
<!-- Generated by org.testng.reporters.JUnitReportReporter -->
<testsuite hostname="LAPTOP-B0QNBUE6" failures="0" tests="2" name="runner.TestRunner" time="28.762" errors="0" timestamp="04 May 2021 03:22:29 GMT" skipped="0">
  <testcase classname="runner.TestRunner" name="LoginTest" time="28.735"/>
  <testcase classname="runner.TestRunner" name="LoginTest" time="0.027"/>
</testsuite> <!-- runner.TestRunner -->
