<?xml version="1.0" encoding="UTF-8"?>
<!-- Generated by org.testng.reporters.JUnitReportReporter -->
<testsuite hostname="KarthikPC" failures="0" tests="4" name="runner.TestRunner" time="63.777" errors="0" timestamp="26 May 2018 03:14:08 GMT" skipped="0">
  <testcase classname="runner.TestRunner" name="LoginTest" time="31.559"/>
  <testcase classname="runner.TestRunner" name="LoginTest" time="0.027"/>
  <testcase classname="runner.TestRunner" name="EmployeeTest" time="32.191"/>
  <testcase classname="runner.TestRunner" name="EmployeeTest" time="0.000"/>
</testsuite> <!-- runner.TestRunner -->
